2025-08-25 23:50:42,507 - INFO - Starting ICE detention data scraping process...
2025-08-25 23:50:42,507 - INFO - Downloading Excel file from: https://www.ice.gov/doclib/detention/FY25_detentionStats08142025.xlsx
2025-08-25 23:50:43,675 - INFO - Excel file downloaded successfully: data\ice_detention_raw.xlsx
2025-08-25 23:50:43,681 - INFO - Reading Excel sheets...
2025-08-25 23:50:51,030 - INFO - Found 10 sheets: ['Header', 'ATD FY25 YTD', 'Detention FY25', ' ICLOS and Detainees', 'Semiannual', 'Monthly Bond Statistics', 'Facilities FY25', 'Monthly Segregation', 'Vulnerable & Special Population', 'Footnotes']
2025-08-25 23:50:51,030 - INFO - Saving data in multiple JSON formats...
2025-08-25 23:50:51,228 - ERROR - Failed to save complete dataset: Object of type datetime is not JSON serializable
2025-08-25 23:50:51,381 - ERROR - Failed to save raw data: Object of type datetime is not JSON serializable
2025-08-25 23:50:51,534 - ERROR - Failed to save simplified data: Object of type datetime is not JSON serializable
2025-08-25 23:50:51,577 - INFO - Chart data saved to: data\ice_detention_charts.json
2025-08-25 23:50:51,577 - INFO - Scraping process completed successfully!
2025-08-25 23:50:51,578 - INFO - All JSON files saved in: data
2025-08-25 23:51:55,842 - INFO - Starting ICE detention data scraping process...
2025-08-25 23:51:55,843 - INFO - Downloading Excel file from: https://www.ice.gov/doclib/detention/FY25_detentionStats08142025.xlsx
2025-08-25 23:51:57,031 - INFO - Excel file downloaded successfully: data\ice_detention_raw.xlsx
2025-08-25 23:51:57,036 - INFO - Reading Excel sheets...
2025-08-25 23:52:04,189 - INFO - Found 10 sheets: ['Header', 'ATD FY25 YTD', 'Detention FY25', ' ICLOS and Detainees', 'Semiannual', 'Monthly Bond Statistics', 'Facilities FY25', 'Monthly Segregation', 'Vulnerable & Special Population', 'Footnotes']
2025-08-25 23:52:04,190 - INFO - Saving data in multiple JSON formats...
2025-08-25 23:52:04,573 - INFO - Complete dataset saved to: data\ice_detention_data.json
2025-08-25 23:52:04,776 - INFO - Raw data saved to: data\ice_detention_raw_excel.json
2025-08-25 23:52:04,992 - INFO - Simplified data saved to: data\ice_detention_simplified.json
2025-08-25 23:52:05,120 - INFO - Chart data saved to: data\ice_detention_charts.json
2025-08-25 23:52:05,120 - INFO - Scraping process completed successfully!
2025-08-25 23:52:05,120 - INFO - All JSON files saved in: data
2025-08-25 23:57:58,753 - INFO - Starting ICE detention data scraping process...
2025-08-25 23:57:58,754 - INFO - Downloading Excel file from: https://www.ice.gov/doclib/detention/FY25_detentionStats08142025.xlsx
2025-08-25 23:57:59,852 - INFO - Excel file downloaded successfully: data\ice_detention_raw.xlsx
2025-08-25 23:57:59,854 - INFO - Reading Excel sheets...
2025-08-25 23:58:05,678 - INFO - Found 10 sheets: ['Header', 'ATD FY25 YTD', 'Detention FY25', ' ICLOS and Detainees', 'Semiannual', 'Monthly Bond Statistics', 'Facilities FY25', 'Monthly Segregation', 'Vulnerable & Special Population', 'Footnotes']
2025-08-25 23:58:05,678 - INFO - Saving data in multiple JSON formats...
2025-08-25 23:58:05,927 - INFO - Complete dataset saved to: data\ice_detention_data.json
2025-08-25 23:58:06,247 - INFO - Raw data saved to: data\ice_detention_raw_excel.json
2025-08-25 23:58:06,684 - INFO - Simplified data saved to: data\ice_detention_simplified.json
2025-08-25 23:58:06,896 - INFO - Chart data saved to: data\ice_detention_charts.json
2025-08-25 23:58:06,897 - INFO - Scraping process completed successfully!
2025-08-25 23:58:06,898 - INFO - All JSON files saved in: data
2025-08-25 23:58:50,987 - INFO - Starting ICE detention data scraping process...
2025-08-25 23:58:50,988 - INFO - Downloading Excel file from: https://www.ice.gov/doclib/detention/FY25_detentionStats08142025.xlsx
2025-08-25 23:58:52,156 - INFO - Excel file downloaded successfully: data\ice_detention_raw.xlsx
2025-08-25 23:58:52,164 - INFO - Reading Excel sheets...
2025-08-25 23:58:59,909 - INFO - Found 10 sheets: ['Header', 'ATD FY25 YTD', 'Detention FY25', ' ICLOS and Detainees', 'Semiannual', 'Monthly Bond Statistics', 'Facilities FY25', 'Monthly Segregation', 'Vulnerable & Special Population', 'Footnotes']
2025-08-25 23:58:59,910 - INFO - Saving data in multiple JSON formats...
2025-08-25 23:59:00,239 - INFO - Complete dataset saved to: data\ice_detention_data.json
2025-08-25 23:59:00,525 - INFO - Raw data saved to: data\ice_detention_raw_excel.json
2025-08-25 23:59:01,211 - INFO - Simplified data saved to: data\ice_detention_simplified.json
2025-08-25 23:59:01,580 - INFO - Chart data saved to: data\ice_detention_charts.json
2025-08-25 23:59:01,582 - INFO - Scraping process completed successfully!
2025-08-25 23:59:01,582 - INFO - All JSON files saved in: data
2025-08-26 00:00:16,379 - INFO - Starting ICE detention data scraping process...
2025-08-26 00:00:16,380 - INFO - Downloading Excel file from: https://www.ice.gov/doclib/detention/FY25_detentionStats08142025.xlsx
2025-08-26 00:00:17,804 - INFO - Excel file downloaded successfully: data\ice_detention_raw.xlsx
2025-08-26 00:00:17,810 - INFO - Reading Excel sheets...
2025-08-26 00:00:25,687 - INFO - Found 10 sheets: ['Header', 'ATD FY25 YTD', 'Detention FY25', ' ICLOS and Detainees', 'Semiannual', 'Monthly Bond Statistics', 'Facilities FY25', 'Monthly Segregation', 'Vulnerable & Special Population', 'Footnotes']
2025-08-26 00:00:25,687 - INFO - Saving data in multiple JSON formats...
2025-08-26 00:00:25,693 - INFO - No header row detected for sheet: Header, using content-based naming
2025-08-26 00:00:25,704 - INFO - Using predefined headers for sheet: ATD FY25 YTD
2025-08-26 00:00:25,718 - INFO - Using predefined headers for sheet: Detention FY25
2025-08-26 00:00:25,759 - INFO - Using predefined headers for sheet:  ICLOS and Detainees
2025-08-26 00:00:25,813 - INFO - Using predefined headers for sheet: Semiannual
2025-08-26 00:00:25,830 - INFO - Using predefined headers for sheet: Monthly Bond Statistics
2025-08-26 00:00:25,853 - INFO - Using predefined headers for sheet: Facilities FY25
2025-08-26 00:00:25,895 - INFO - Using predefined headers for sheet: Monthly Segregation
2025-08-26 00:00:25,914 - INFO - Using predefined headers for sheet: Vulnerable & Special Population
2025-08-26 00:00:25,926 - INFO - No header row detected for sheet: Footnotes, using content-based naming
2025-08-26 00:00:26,018 - INFO - Complete dataset saved to: data\ice_detention_data.json
2025-08-26 00:00:26,025 - INFO - No header row detected for sheet: Header, using content-based naming
2025-08-26 00:00:26,032 - INFO - Using predefined headers for sheet: ATD FY25 YTD
2025-08-26 00:00:26,054 - INFO - Using predefined headers for sheet: Detention FY25
2025-08-26 00:00:26,143 - INFO - Using predefined headers for sheet:  ICLOS and Detainees
2025-08-26 00:00:26,235 - INFO - Using predefined headers for sheet: Semiannual
2025-08-26 00:00:26,275 - INFO - Using predefined headers for sheet: Monthly Bond Statistics
2025-08-26 00:00:26,300 - INFO - Using predefined headers for sheet: Facilities FY25
2025-08-26 00:00:26,346 - INFO - Using predefined headers for sheet: Monthly Segregation
2025-08-26 00:00:26,364 - INFO - Using predefined headers for sheet: Vulnerable & Special Population
2025-08-26 00:00:26,378 - INFO - No header row detected for sheet: Footnotes, using content-based naming
2025-08-26 00:00:26,481 - INFO - Raw data saved to: data\ice_detention_raw_excel.json
2025-08-26 00:00:26,486 - INFO - No header row detected for sheet: Header, using content-based naming
2025-08-26 00:00:26,495 - INFO - Using predefined headers for sheet: ATD FY25 YTD
2025-08-26 00:00:26,506 - INFO - Using predefined headers for sheet: Detention FY25
2025-08-26 00:00:26,534 - INFO - Using predefined headers for sheet:  ICLOS and Detainees
2025-08-26 00:00:26,593 - INFO - Using predefined headers for sheet: Semiannual
2025-08-26 00:00:26,617 - INFO - Using predefined headers for sheet: Monthly Bond Statistics
2025-08-26 00:00:26,639 - INFO - Using predefined headers for sheet: Facilities FY25
2025-08-26 00:00:26,659 - INFO - Using predefined headers for sheet: Monthly Segregation
2025-08-26 00:00:26,675 - INFO - Using predefined headers for sheet: Vulnerable & Special Population
2025-08-26 00:00:26,692 - INFO - No header row detected for sheet: Footnotes, using content-based naming
2025-08-26 00:00:26,845 - INFO - Simplified data saved to: data\ice_detention_simplified.json
2025-08-26 00:00:26,864 - INFO - No header row detected for sheet: Header, using content-based naming
2025-08-26 00:00:26,872 - INFO - Using predefined headers for sheet: ATD FY25 YTD
2025-08-26 00:00:26,892 - INFO - Using predefined headers for sheet: Detention FY25
2025-08-26 00:00:26,934 - INFO - Using predefined headers for sheet:  ICLOS and Detainees
2025-08-26 00:00:27,006 - INFO - Using predefined headers for sheet: Semiannual
2025-08-26 00:00:27,032 - INFO - Using predefined headers for sheet: Monthly Bond Statistics
2025-08-26 00:00:27,074 - INFO - Using predefined headers for sheet: Facilities FY25
2025-08-26 00:00:27,121 - INFO - Using predefined headers for sheet: Monthly Segregation
2025-08-26 00:00:27,138 - INFO - Using predefined headers for sheet: Vulnerable & Special Population
2025-08-26 00:00:27,163 - INFO - No header row detected for sheet: Footnotes, using content-based naming
2025-08-26 00:00:27,173 - INFO - Chart data saved to: data\ice_detention_charts.json
2025-08-26 00:00:27,175 - INFO - Scraping process completed successfully!
2025-08-26 00:00:27,178 - INFO - All JSON files saved in: data
2025-08-26 00:05:48,613 - INFO - Starting ICE detention data scraping process...
2025-08-26 00:05:48,615 - INFO - Downloading Excel file from: https://www.ice.gov/doclib/detention/FY25_detentionStats08142025.xlsx
2025-08-26 00:05:49,717 - INFO - Excel file downloaded successfully: data\ice_detention_raw.xlsx
2025-08-26 00:05:49,723 - INFO - Reading Excel sheets...
2025-08-26 00:05:58,349 - INFO - Found 10 sheets: ['Header', 'ATD FY25 YTD', 'Detention FY25', ' ICLOS and Detainees', 'Semiannual', 'Monthly Bond Statistics', 'Facilities FY25', 'Monthly Segregation', 'Vulnerable & Special Population', 'Footnotes']
2025-08-26 00:05:58,349 - INFO - Saving data in multiple JSON formats...
2025-08-26 00:05:58,354 - INFO - No header row detected for sheet: Header, using content-based naming
2025-08-26 00:05:58,366 - INFO - Detected and removing header row at index 3 for sheet: ATD FY25 YTD
2025-08-26 00:05:58,368 - INFO - Using predefined headers for sheet: ATD FY25 YTD
2025-08-26 00:05:58,383 - INFO - Detected and removing header row at index 2 for sheet: Detention FY25
2025-08-26 00:05:58,388 - INFO - Using predefined headers for sheet: Detention FY25
2025-08-26 00:05:58,426 - INFO - Detected and removing header row at index 1 for sheet:  ICLOS and Detainees
2025-08-26 00:05:58,429 - INFO - Using predefined headers for sheet:  ICLOS and Detainees
2025-08-26 00:05:58,493 - INFO - Using predefined headers for sheet: Semiannual
2025-08-26 00:05:58,515 - INFO - Using predefined headers for sheet: Monthly Bond Statistics
2025-08-26 00:05:58,537 - INFO - Detected and removing header row at index 3 for sheet: Facilities FY25
2025-08-26 00:05:58,541 - INFO - Using predefined headers for sheet: Facilities FY25
2025-08-26 00:05:58,580 - INFO - Using predefined headers for sheet: Monthly Segregation
2025-08-26 00:05:58,599 - INFO - Using predefined headers for sheet: Vulnerable & Special Population
2025-08-26 00:05:58,613 - INFO - No header row detected for sheet: Footnotes, using content-based naming
2025-08-26 00:05:58,723 - INFO - Complete dataset saved to: data\ice_detention_data.json
2025-08-26 00:05:58,728 - INFO - No header row detected for sheet: Header, using content-based naming
2025-08-26 00:05:58,736 - INFO - Detected and removing header row at index 3 for sheet: ATD FY25 YTD
2025-08-26 00:05:58,737 - INFO - Using predefined headers for sheet: ATD FY25 YTD
2025-08-26 00:05:58,758 - INFO - Detected and removing header row at index 2 for sheet: Detention FY25
2025-08-26 00:05:58,759 - INFO - Using predefined headers for sheet: Detention FY25
2025-08-26 00:05:58,792 - INFO - Detected and removing header row at index 1 for sheet:  ICLOS and Detainees
2025-08-26 00:05:58,795 - INFO - Using predefined headers for sheet:  ICLOS and Detainees
2025-08-26 00:05:58,864 - INFO - Using predefined headers for sheet: Semiannual
2025-08-26 00:05:58,888 - INFO - Using predefined headers for sheet: Monthly Bond Statistics
2025-08-26 00:05:58,918 - INFO - Detected and removing header row at index 3 for sheet: Facilities FY25
2025-08-26 00:05:58,921 - INFO - Using predefined headers for sheet: Facilities FY25
2025-08-26 00:05:58,965 - INFO - Using predefined headers for sheet: Monthly Segregation
2025-08-26 00:05:58,989 - INFO - Using predefined headers for sheet: Vulnerable & Special Population
2025-08-26 00:05:59,000 - INFO - No header row detected for sheet: Footnotes, using content-based naming
2025-08-26 00:05:59,088 - INFO - Raw data saved to: data\ice_detention_raw_excel.json
2025-08-26 00:05:59,097 - INFO - No header row detected for sheet: Header, using content-based naming
2025-08-26 00:05:59,106 - INFO - Detected and removing header row at index 3 for sheet: ATD FY25 YTD
2025-08-26 00:05:59,108 - INFO - Using predefined headers for sheet: ATD FY25 YTD
2025-08-26 00:05:59,119 - INFO - Detected and removing header row at index 2 for sheet: Detention FY25
2025-08-26 00:05:59,120 - INFO - Using predefined headers for sheet: Detention FY25
2025-08-26 00:05:59,155 - INFO - Detected and removing header row at index 1 for sheet:  ICLOS and Detainees
2025-08-26 00:05:59,160 - INFO - Using predefined headers for sheet:  ICLOS and Detainees
2025-08-26 00:05:59,242 - INFO - Using predefined headers for sheet: Semiannual
2025-08-26 00:05:59,261 - INFO - Using predefined headers for sheet: Monthly Bond Statistics
2025-08-26 00:05:59,275 - INFO - Detected and removing header row at index 3 for sheet: Facilities FY25
2025-08-26 00:05:59,279 - INFO - Using predefined headers for sheet: Facilities FY25
2025-08-26 00:05:59,322 - INFO - Using predefined headers for sheet: Monthly Segregation
2025-08-26 00:05:59,350 - INFO - Using predefined headers for sheet: Vulnerable & Special Population
2025-08-26 00:05:59,372 - INFO - No header row detected for sheet: Footnotes, using content-based naming
2025-08-26 00:05:59,588 - INFO - Simplified data saved to: data\ice_detention_simplified.json
2025-08-26 00:05:59,605 - INFO - No header row detected for sheet: Header, using content-based naming
2025-08-26 00:05:59,626 - INFO - Detected and removing header row at index 3 for sheet: ATD FY25 YTD
2025-08-26 00:05:59,627 - INFO - Using predefined headers for sheet: ATD FY25 YTD
2025-08-26 00:05:59,654 - INFO - Detected and removing header row at index 2 for sheet: Detention FY25
2025-08-26 00:05:59,661 - INFO - Using predefined headers for sheet: Detention FY25
2025-08-26 00:05:59,719 - INFO - Detected and removing header row at index 1 for sheet:  ICLOS and Detainees
2025-08-26 00:05:59,728 - INFO - Using predefined headers for sheet:  ICLOS and Detainees
2025-08-26 00:05:59,844 - INFO - Using predefined headers for sheet: Semiannual
2025-08-26 00:05:59,922 - INFO - Using predefined headers for sheet: Monthly Bond Statistics
2025-08-26 00:05:59,966 - INFO - Detected and removing header row at index 3 for sheet: Facilities FY25
2025-08-26 00:05:59,979 - INFO - Using predefined headers for sheet: Facilities FY25
2025-08-26 00:06:00,097 - INFO - Using predefined headers for sheet: Monthly Segregation
2025-08-26 00:06:00,149 - INFO - Using predefined headers for sheet: Vulnerable & Special Population
2025-08-26 00:06:00,175 - INFO - No header row detected for sheet: Footnotes, using content-based naming
2025-08-26 00:06:00,190 - INFO - Chart data saved to: data\ice_detention_charts.json
2025-08-26 00:06:00,191 - INFO - Scraping process completed successfully!
2025-08-26 00:06:00,191 - INFO - All JSON files saved in: data
2025-08-26 00:07:12,835 - INFO - Starting ICE detention data scraping process...
2025-08-26 00:07:12,835 - INFO - Downloading Excel file from: https://www.ice.gov/doclib/detention/FY25_detentionStats08142025.xlsx
2025-08-26 00:07:14,059 - INFO - Excel file downloaded successfully: data\ice_detention_raw.xlsx
2025-08-26 00:07:14,064 - INFO - Reading Excel sheets...
2025-08-26 00:07:22,495 - INFO - Found 10 sheets: ['Header', 'ATD FY25 YTD', 'Detention FY25', ' ICLOS and Detainees', 'Semiannual', 'Monthly Bond Statistics', 'Facilities FY25', 'Monthly Segregation', 'Vulnerable & Special Population', 'Footnotes']
2025-08-26 00:07:22,495 - INFO - Saving data in multiple JSON formats...
2025-08-26 00:07:22,500 - INFO - No header row detected for sheet: Header, using content-based naming
2025-08-26 00:07:22,514 - INFO - Detected and removing header row at index 3 for sheet: ATD FY25 YTD
2025-08-26 00:07:22,516 - INFO - Detected and removing header row at index 12 for sheet: ATD FY25 YTD
2025-08-26 00:07:22,521 - INFO - Using predefined headers for sheet: ATD FY25 YTD
2025-08-26 00:07:22,536 - INFO - Detected and removing header row at index 2 for sheet: Detention FY25
2025-08-26 00:07:22,542 - INFO - Detected and removing header row at index 2 for sheet: Detention FY25
2025-08-26 00:07:22,545 - INFO - Detected and removing header row at index 2 for sheet: Detention FY25
2025-08-26 00:07:22,548 - INFO - Using predefined headers for sheet: Detention FY25
2025-08-26 00:07:22,581 - INFO - Detected and removing header row at index 1 for sheet:  ICLOS and Detainees
2025-08-26 00:07:22,585 - INFO - Detected and removing header row at index 1 for sheet:  ICLOS and Detainees
2025-08-26 00:07:22,596 - INFO - Detected and removing header row at index 8 for sheet:  ICLOS and Detainees
2025-08-26 00:07:22,598 - INFO - Using predefined headers for sheet:  ICLOS and Detainees
2025-08-26 00:07:22,653 - INFO - Using predefined headers for sheet: Semiannual
2025-08-26 00:07:22,674 - INFO - Using predefined headers for sheet: Monthly Bond Statistics
2025-08-26 00:07:22,692 - INFO - Detected and removing header row at index 3 for sheet: Facilities FY25
2025-08-26 00:07:22,696 - INFO - Detected and removing header row at index 4 for sheet: Facilities FY25
2025-08-26 00:07:22,700 - INFO - Detected and removing header row at index 4 for sheet: Facilities FY25
2025-08-26 00:07:22,703 - INFO - Using predefined headers for sheet: Facilities FY25
2025-08-26 00:07:22,817 - INFO - Using predefined headers for sheet: Monthly Segregation
2025-08-26 00:07:22,852 - INFO - Using predefined headers for sheet: Vulnerable & Special Population
2025-08-26 00:07:22,872 - INFO - No header row detected for sheet: Footnotes, using content-based naming
2025-08-26 00:07:23,009 - INFO - Complete dataset saved to: data\ice_detention_data.json
2025-08-26 00:07:23,015 - INFO - No header row detected for sheet: Header, using content-based naming
2025-08-26 00:07:23,028 - INFO - Detected and removing header row at index 3 for sheet: ATD FY25 YTD
2025-08-26 00:07:23,031 - INFO - Detected and removing header row at index 12 for sheet: ATD FY25 YTD
2025-08-26 00:07:23,037 - INFO - Using predefined headers for sheet: ATD FY25 YTD
2025-08-26 00:07:23,054 - INFO - Detected and removing header row at index 2 for sheet: Detention FY25
2025-08-26 00:07:23,056 - INFO - Detected and removing header row at index 2 for sheet: Detention FY25
2025-08-26 00:07:23,064 - INFO - Detected and removing header row at index 2 for sheet: Detention FY25
2025-08-26 00:07:23,066 - INFO - Using predefined headers for sheet: Detention FY25
2025-08-26 00:07:23,095 - INFO - Detected and removing header row at index 1 for sheet:  ICLOS and Detainees
2025-08-26 00:07:23,098 - INFO - Detected and removing header row at index 1 for sheet:  ICLOS and Detainees
2025-08-26 00:07:23,117 - INFO - Detected and removing header row at index 8 for sheet:  ICLOS and Detainees
2025-08-26 00:07:23,125 - INFO - Using predefined headers for sheet:  ICLOS and Detainees
2025-08-26 00:07:23,212 - INFO - Using predefined headers for sheet: Semiannual
2025-08-26 00:07:23,233 - INFO - Using predefined headers for sheet: Monthly Bond Statistics
2025-08-26 00:07:23,249 - INFO - Detected and removing header row at index 3 for sheet: Facilities FY25
2025-08-26 00:07:23,252 - INFO - Detected and removing header row at index 4 for sheet: Facilities FY25
2025-08-26 00:07:23,257 - INFO - Detected and removing header row at index 4 for sheet: Facilities FY25
2025-08-26 00:07:23,258 - INFO - Using predefined headers for sheet: Facilities FY25
2025-08-26 00:07:23,293 - INFO - Using predefined headers for sheet: Monthly Segregation
2025-08-26 00:07:23,310 - INFO - Using predefined headers for sheet: Vulnerable & Special Population
2025-08-26 00:07:23,320 - INFO - No header row detected for sheet: Footnotes, using content-based naming
2025-08-26 00:07:23,396 - INFO - Raw data saved to: data\ice_detention_raw_excel.json
2025-08-26 00:07:23,403 - INFO - No header row detected for sheet: Header, using content-based naming
2025-08-26 00:07:23,413 - INFO - Detected and removing header row at index 3 for sheet: ATD FY25 YTD
2025-08-26 00:07:23,419 - INFO - Detected and removing header row at index 12 for sheet: ATD FY25 YTD
2025-08-26 00:07:23,426 - INFO - Using predefined headers for sheet: ATD FY25 YTD
2025-08-26 00:07:23,442 - INFO - Detected and removing header row at index 2 for sheet: Detention FY25
2025-08-26 00:07:23,443 - INFO - Detected and removing header row at index 2 for sheet: Detention FY25
2025-08-26 00:07:23,445 - INFO - Detected and removing header row at index 2 for sheet: Detention FY25
2025-08-26 00:07:23,446 - INFO - Using predefined headers for sheet: Detention FY25
2025-08-26 00:07:23,481 - INFO - Detected and removing header row at index 1 for sheet:  ICLOS and Detainees
2025-08-26 00:07:23,487 - INFO - Detected and removing header row at index 1 for sheet:  ICLOS and Detainees
2025-08-26 00:07:23,500 - INFO - Detected and removing header row at index 8 for sheet:  ICLOS and Detainees
2025-08-26 00:07:23,507 - INFO - Using predefined headers for sheet:  ICLOS and Detainees
2025-08-26 00:07:23,572 - INFO - Using predefined headers for sheet: Semiannual
2025-08-26 00:07:23,591 - INFO - Using predefined headers for sheet: Monthly Bond Statistics
2025-08-26 00:07:23,616 - INFO - Detected and removing header row at index 3 for sheet: Facilities FY25
2025-08-26 00:07:23,621 - INFO - Detected and removing header row at index 4 for sheet: Facilities FY25
2025-08-26 00:07:23,628 - INFO - Detected and removing header row at index 4 for sheet: Facilities FY25
2025-08-26 00:07:23,634 - INFO - Using predefined headers for sheet: Facilities FY25
2025-08-26 00:07:23,701 - INFO - Using predefined headers for sheet: Monthly Segregation
2025-08-26 00:07:23,750 - INFO - Using predefined headers for sheet: Vulnerable & Special Population
2025-08-26 00:07:23,791 - INFO - No header row detected for sheet: Footnotes, using content-based naming
2025-08-26 00:07:23,953 - INFO - Simplified data saved to: data\ice_detention_simplified.json
2025-08-26 00:07:23,959 - INFO - No header row detected for sheet: Header, using content-based naming
2025-08-26 00:07:23,972 - INFO - Detected and removing header row at index 3 for sheet: ATD FY25 YTD
2025-08-26 00:07:23,977 - INFO - Detected and removing header row at index 12 for sheet: ATD FY25 YTD
2025-08-26 00:07:23,984 - INFO - Using predefined headers for sheet: ATD FY25 YTD
2025-08-26 00:07:24,034 - INFO - Detected and removing header row at index 2 for sheet: Detention FY25
2025-08-26 00:07:24,039 - INFO - Detected and removing header row at index 2 for sheet: Detention FY25
2025-08-26 00:07:24,041 - INFO - Detected and removing header row at index 2 for sheet: Detention FY25
2025-08-26 00:07:24,043 - INFO - Using predefined headers for sheet: Detention FY25
2025-08-26 00:07:24,089 - INFO - Detected and removing header row at index 1 for sheet:  ICLOS and Detainees
2025-08-26 00:07:24,093 - INFO - Detected and removing header row at index 1 for sheet:  ICLOS and Detainees
2025-08-26 00:07:24,098 - INFO - Detected and removing header row at index 8 for sheet:  ICLOS and Detainees
2025-08-26 00:07:24,099 - INFO - Using predefined headers for sheet:  ICLOS and Detainees
2025-08-26 00:07:24,156 - INFO - Using predefined headers for sheet: Semiannual
2025-08-26 00:07:24,172 - INFO - Using predefined headers for sheet: Monthly Bond Statistics
2025-08-26 00:07:24,192 - INFO - Detected and removing header row at index 3 for sheet: Facilities FY25
2025-08-26 00:07:24,198 - INFO - Detected and removing header row at index 4 for sheet: Facilities FY25
2025-08-26 00:07:24,201 - INFO - Detected and removing header row at index 4 for sheet: Facilities FY25
2025-08-26 00:07:24,202 - INFO - Using predefined headers for sheet: Facilities FY25
2025-08-26 00:07:24,225 - INFO - Using predefined headers for sheet: Monthly Segregation
2025-08-26 00:07:24,242 - INFO - Using predefined headers for sheet: Vulnerable & Special Population
2025-08-26 00:07:24,250 - INFO - No header row detected for sheet: Footnotes, using content-based naming
2025-08-26 00:07:24,261 - INFO - Chart data saved to: data\ice_detention_charts.json
2025-08-26 00:07:24,261 - INFO - Scraping process completed successfully!
2025-08-26 00:07:24,262 - INFO - All JSON files saved in: data
2025-08-26 12:20:36,038 - INFO - Starting ICE detention data scraping process...
2025-08-26 12:20:36,038 - INFO - Downloading Excel file from: https://www.ice.gov/doclib/detention/FY25_detentionStats08142025.xlsx
2025-08-26 12:20:37,380 - INFO - Excel file downloaded successfully: data\ice_detention_raw.xlsx
2025-08-26 12:20:37,388 - INFO - Reading Excel sheets...
2025-08-26 12:20:49,769 - INFO - Found 10 sheets: ['Header', 'ATD FY25 YTD', 'Detention FY25', ' ICLOS and Detainees', 'Semiannual', 'Monthly Bond Statistics', 'Facilities FY25', 'Monthly Segregation', 'Vulnerable & Special Population', 'Footnotes']
2025-08-26 12:20:49,769 - INFO - Saving data in multiple formats...
2025-08-26 12:20:49,777 - INFO - No header row detected for sheet: Header, using content-based naming
2025-08-26 12:20:49,814 - INFO - Detected and removing header row at index 3 for sheet: ATD FY25 YTD
2025-08-26 12:20:49,817 - INFO - Detected and removing header row at index 12 for sheet: ATD FY25 YTD
2025-08-26 12:20:49,822 - INFO - Using predefined headers for sheet: ATD FY25 YTD
2025-08-26 12:20:49,838 - INFO - Detected and removing header row at index 3 for sheet: Detention FY25
2025-08-26 12:20:49,841 - INFO - Using predefined headers for sheet: Detention FY25
2025-08-26 12:20:49,874 - INFO - Detected and removing header row at index 1 for sheet:  ICLOS and Detainees
2025-08-26 12:20:49,876 - INFO - Detected and removing header row at index 9 for sheet:  ICLOS and Detainees
2025-08-26 12:20:49,885 - INFO - Using predefined headers for sheet:  ICLOS and Detainees
2025-08-26 12:20:49,944 - INFO - Using predefined headers for sheet: Semiannual
2025-08-26 12:20:49,962 - INFO - Using predefined headers for sheet: Monthly Bond Statistics
2025-08-26 12:20:49,983 - INFO - Detected and removing header row at index 5 for sheet: Facilities FY25
2025-08-26 12:20:49,986 - INFO - Using predefined headers for sheet: Facilities FY25
2025-08-26 12:20:50,032 - INFO - Using predefined headers for sheet: Monthly Segregation
2025-08-26 12:20:50,050 - INFO - Using predefined headers for sheet: Vulnerable & Special Population
2025-08-26 12:20:50,064 - INFO - No header row detected for sheet: Footnotes, using content-based naming
2025-08-26 12:20:50,162 - INFO - Complete dataset saved to: data\ice_detention_data.json
2025-08-26 12:20:50,164 - INFO - No header row detected for sheet: Header, using content-based naming
2025-08-26 12:20:50,171 - INFO - Detected and removing header row at index 3 for sheet: ATD FY25 YTD
2025-08-26 12:20:50,171 - INFO - Detected and removing header row at index 12 for sheet: ATD FY25 YTD
2025-08-26 12:20:50,177 - INFO - Using predefined headers for sheet: ATD FY25 YTD
2025-08-26 12:20:50,198 - INFO - Detected and removing header row at index 3 for sheet: Detention FY25
2025-08-26 12:20:50,200 - INFO - Using predefined headers for sheet: Detention FY25
2025-08-26 12:20:50,233 - INFO - Detected and removing header row at index 1 for sheet:  ICLOS and Detainees
2025-08-26 12:20:50,240 - INFO - Detected and removing header row at index 9 for sheet:  ICLOS and Detainees
2025-08-26 12:20:50,247 - INFO - Using predefined headers for sheet:  ICLOS and Detainees
2025-08-26 12:20:50,311 - INFO - Using predefined headers for sheet: Semiannual
2025-08-26 12:20:50,325 - INFO - Using predefined headers for sheet: Monthly Bond Statistics
2025-08-26 12:20:50,349 - INFO - Detected and removing header row at index 5 for sheet: Facilities FY25
2025-08-26 12:20:50,357 - INFO - Using predefined headers for sheet: Facilities FY25
2025-08-26 12:20:50,392 - INFO - Using predefined headers for sheet: Monthly Segregation
2025-08-26 12:20:50,408 - INFO - Using predefined headers for sheet: Vulnerable & Special Population
2025-08-26 12:20:50,420 - INFO - No header row detected for sheet: Footnotes, using content-based naming
2025-08-26 12:20:50,507 - INFO - Raw data saved to: data\ice_detention_raw_excel.json
2025-08-26 12:20:50,510 - INFO - No header row detected for sheet: Header, using content-based naming
2025-08-26 12:20:50,515 - INFO - Detected and removing header row at index 3 for sheet: ATD FY25 YTD
2025-08-26 12:20:50,521 - INFO - Detected and removing header row at index 12 for sheet: ATD FY25 YTD
2025-08-26 12:20:50,527 - INFO - Using predefined headers for sheet: ATD FY25 YTD
2025-08-26 12:20:50,540 - INFO - Detected and removing header row at index 3 for sheet: Detention FY25
2025-08-26 12:20:50,540 - INFO - Using predefined headers for sheet: Detention FY25
2025-08-26 12:20:50,570 - INFO - Detected and removing header row at index 1 for sheet:  ICLOS and Detainees
2025-08-26 12:20:50,605 - INFO - Detected and removing header row at index 9 for sheet:  ICLOS and Detainees
2025-08-26 12:20:50,618 - INFO - Using predefined headers for sheet:  ICLOS and Detainees
2025-08-26 12:20:50,798 - INFO - Using predefined headers for sheet: Semiannual
2025-08-26 12:20:50,826 - INFO - Using predefined headers for sheet: Monthly Bond Statistics
2025-08-26 12:20:50,852 - INFO - Detected and removing header row at index 5 for sheet: Facilities FY25
2025-08-26 12:20:50,857 - INFO - Using predefined headers for sheet: Facilities FY25
2025-08-26 12:20:50,934 - INFO - Using predefined headers for sheet: Monthly Segregation
2025-08-26 12:20:50,958 - INFO - Using predefined headers for sheet: Vulnerable & Special Population
2025-08-26 12:20:50,984 - INFO - No header row detected for sheet: Footnotes, using content-based naming
2025-08-26 12:20:51,222 - INFO - Simplified data saved to: data\ice_detention_simplified.json
2025-08-26 12:20:51,229 - INFO - No header row detected for sheet: Header, using content-based naming
2025-08-26 12:20:51,243 - INFO - Detected and removing header row at index 3 for sheet: ATD FY25 YTD
2025-08-26 12:20:51,251 - INFO - Detected and removing header row at index 12 for sheet: ATD FY25 YTD
2025-08-26 12:20:51,261 - INFO - Using predefined headers for sheet: ATD FY25 YTD
2025-08-26 12:20:51,318 - INFO - Detected and removing header row at index 3 for sheet: Detention FY25
2025-08-26 12:20:51,326 - INFO - Using predefined headers for sheet: Detention FY25
2025-08-26 12:20:51,343 - INFO - Detected and removing header row at index 1 for sheet:  ICLOS and Detainees
2025-08-26 12:20:51,351 - INFO - Detected and removing header row at index 9 for sheet:  ICLOS and Detainees
2025-08-26 12:20:51,356 - INFO - Using predefined headers for sheet:  ICLOS and Detainees
2025-08-26 12:20:51,428 - INFO - Using predefined headers for sheet: Semiannual
2025-08-26 12:20:51,448 - INFO - Using predefined headers for sheet: Monthly Bond Statistics
2025-08-26 12:20:51,465 - INFO - Detected and removing header row at index 5 for sheet: Facilities FY25
2025-08-26 12:20:51,468 - INFO - Using predefined headers for sheet: Facilities FY25
2025-08-26 12:20:51,507 - INFO - Using predefined headers for sheet: Monthly Segregation
2025-08-26 12:20:51,518 - INFO - Using predefined headers for sheet: Vulnerable & Special Population
2025-08-26 12:20:51,531 - INFO - No header row detected for sheet: Footnotes, using content-based naming
2025-08-26 12:20:51,540 - INFO - Chart data saved to: data\ice_detention_charts.json
2025-08-26 12:20:51,540 - INFO - No header row detected for sheet: Header, using content-based naming
2025-08-26 12:20:51,583 - INFO - Saved CSV: data\csv\Header.csv
2025-08-26 12:20:51,586 - INFO - Detected and removing header row at index 3 for sheet: ATD FY25 YTD
2025-08-26 12:20:51,591 - INFO - Detected and removing header row at index 12 for sheet: ATD FY25 YTD
2025-08-26 12:20:51,593 - INFO - Using predefined headers for sheet: ATD FY25 YTD
2025-08-26 12:20:51,608 - INFO - Saved CSV: data\csv\ATD_FY25_YTD.csv
2025-08-26 12:20:51,611 - INFO - Detected and removing header row at index 3 for sheet: Detention FY25
2025-08-26 12:20:51,613 - INFO - Using predefined headers for sheet: Detention FY25
2025-08-26 12:20:51,634 - INFO - Saved CSV: data\csv\Detention_FY25.csv
2025-08-26 12:20:51,638 - INFO - Detected and removing header row at index 1 for sheet:  ICLOS and Detainees
2025-08-26 12:20:51,641 - INFO - Detected and removing header row at index 9 for sheet:  ICLOS and Detainees
2025-08-26 12:20:51,648 - INFO - Using predefined headers for sheet:  ICLOS and Detainees
2025-08-26 12:20:51,704 - INFO - Saved CSV: data\csv\_ICLOS_and_Detainees.csv
2025-08-26 12:20:51,709 - INFO - Using predefined headers for sheet: Semiannual
2025-08-26 12:20:51,717 - INFO - Saved CSV: data\csv\Semiannual.csv
2025-08-26 12:20:51,725 - INFO - Using predefined headers for sheet: Monthly Bond Statistics
2025-08-26 12:20:51,741 - INFO - Saved CSV: data\csv\Monthly_Bond_Statistics.csv
2025-08-26 12:20:51,749 - INFO - Detected and removing header row at index 5 for sheet: Facilities FY25
2025-08-26 12:20:51,754 - INFO - Using predefined headers for sheet: Facilities FY25
2025-08-26 12:20:51,789 - INFO - Saved CSV: data\csv\Facilities_FY25.csv
2025-08-26 12:20:51,790 - INFO - Using predefined headers for sheet: Monthly Segregation
2025-08-26 12:20:51,805 - INFO - Saved CSV: data\csv\Monthly_Segregation.csv
2025-08-26 12:20:51,810 - INFO - Using predefined headers for sheet: Vulnerable & Special Population
2025-08-26 12:20:51,820 - INFO - Saved CSV: data\csv\Vulnerable_&_Special_Population.csv
2025-08-26 12:20:51,822 - INFO - No header row detected for sheet: Footnotes, using content-based naming
2025-08-26 12:20:51,832 - INFO - Saved CSV: data\csv\Footnotes.csv
2025-08-26 12:20:51,832 - INFO - All CSV files saved in: data\csv
2025-08-26 12:20:51,835 - INFO - Scraping process completed successfully!
2025-08-26 12:20:51,835 - INFO - All JSON files saved in: data
2025-08-27 12:15:00,833 - INFO - Starting ICE detention data scraping process...
2025-08-27 12:15:00,833 - INFO - Downloading Excel file from: https://www.ice.gov/doclib/detention/FY25_detentionStats08142025.xlsx
2025-08-27 12:15:02,223 - INFO - Excel file downloaded successfully: data\ice_detention_raw.xlsx
2025-08-27 12:15:02,227 - INFO - Reading Excel sheets...
2025-08-27 12:15:12,869 - INFO - Found 10 sheets: ['Header', 'ATD FY25 YTD', 'Detention FY25', ' ICLOS and Detainees', 'Semiannual', 'Monthly Bond Statistics', 'Facilities FY25', 'Monthly Segregation', 'Vulnerable & Special Population', 'Footnotes']
2025-08-27 12:15:12,869 - INFO - Saving data in multiple formats...
2025-08-27 12:15:12,875 - INFO - No header row detected for sheet: Header, using content-based naming
2025-08-27 12:15:12,910 - INFO - Detected and removing header row at index 3 for sheet: ATD FY25 YTD
2025-08-27 12:15:12,917 - INFO - Detected and removing header row at index 12 for sheet: ATD FY25 YTD
2025-08-27 12:15:12,917 - INFO - Using predefined headers for sheet: ATD FY25 YTD
2025-08-27 12:15:12,929 - INFO - Detected and removing header row at index 3 for sheet: Detention FY25
2025-08-27 12:15:12,931 - INFO - Using predefined headers for sheet: Detention FY25
2025-08-27 12:15:12,955 - INFO - Detected and removing header row at index 1 for sheet:  ICLOS and Detainees
2025-08-27 12:15:12,959 - INFO - Detected and removing header row at index 9 for sheet:  ICLOS and Detainees
2025-08-27 12:15:12,964 - INFO - Using predefined headers for sheet:  ICLOS and Detainees
2025-08-27 12:15:13,007 - INFO - Using predefined headers for sheet: Semiannual
2025-08-27 12:15:13,021 - INFO - Using predefined headers for sheet: Monthly Bond Statistics
2025-08-27 12:15:13,035 - INFO - Detected and removing header row at index 5 for sheet: Facilities FY25
2025-08-27 12:15:13,038 - INFO - Using predefined headers for sheet: Facilities FY25
2025-08-27 12:15:13,067 - INFO - Using predefined headers for sheet: Monthly Segregation
2025-08-27 12:15:13,086 - INFO - Using predefined headers for sheet: Vulnerable & Special Population
2025-08-27 12:15:13,094 - INFO - No header row detected for sheet: Footnotes, using content-based naming
2025-08-27 12:15:13,173 - INFO - Complete dataset saved to: data\ice_detention_data.json
2025-08-27 12:15:13,173 - INFO - Scraping process completed successfully!
2025-08-27 12:15:13,173 - INFO - All JSON files saved in: data
2025-08-27 12:18:52,347 - INFO - Starting ICE detention data scraping process...
2025-08-27 12:18:52,347 - INFO - Searching for Excel file URL on: https://www.ice.gov/detain/detention-management
2025-08-27 12:18:53,196 - ERROR - Unexpected error finding Excel URL: name 'BeautifulSoup' is not defined
2025-08-27 12:19:12,926 - INFO - Starting ICE detention data scraping process...
2025-08-27 12:19:12,926 - INFO - Searching for Excel file URL on: https://www.ice.gov/detain/detention-management
2025-08-27 12:19:13,867 - INFO - Found potential Excel link: Detention FY 2025 YTD, Alternatives to Detention FY 2025 YTD and Facilities FY 2025 YTD, Footnotes (227 KB) -> https://www.ice.gov/doclib/detention/FY25_detentionStats08142025.xlsx
2025-08-27 12:19:13,868 - INFO - Selected Excel file: Detention FY 2025 YTD, Alternatives to Detention FY 2025 YTD and Facilities FY 2025 YTD, Footnotes (227 KB) -> https://www.ice.gov/doclib/detention/FY25_detentionStats08142025.xlsx
2025-08-27 12:19:13,870 - INFO - Downloading Excel file from: https://www.ice.gov/doclib/detention/FY25_detentionStats08142025.xlsx
2025-08-27 12:19:14,861 - INFO - Excel file downloaded successfully: data\ice_detention_raw.xlsx
2025-08-27 12:19:14,864 - INFO - Reading Excel sheets...
2025-08-27 12:19:22,084 - INFO - Found 10 sheets: ['Header', 'ATD FY25 YTD', 'Detention FY25', ' ICLOS and Detainees', 'Semiannual', 'Monthly Bond Statistics', 'Facilities FY25', 'Monthly Segregation', 'Vulnerable & Special Population', 'Footnotes']
2025-08-27 12:19:22,084 - INFO - Saving data in multiple formats...
2025-08-27 12:19:22,091 - INFO - No header row detected for sheet: Header, using content-based naming
2025-08-27 12:19:22,098 - INFO - Detected and removing header row at index 3 for sheet: ATD FY25 YTD
2025-08-27 12:19:22,100 - INFO - Detected and removing header row at index 12 for sheet: ATD FY25 YTD
2025-08-27 12:19:22,104 - INFO - Using predefined headers for sheet: ATD FY25 YTD
2025-08-27 12:19:22,111 - INFO - Detected and removing header row at index 3 for sheet: Detention FY25
2025-08-27 12:19:22,118 - INFO - Using predefined headers for sheet: Detention FY25
2025-08-27 12:19:22,143 - INFO - Detected and removing header row at index 1 for sheet:  ICLOS and Detainees
2025-08-27 12:19:22,147 - INFO - Detected and removing header row at index 9 for sheet:  ICLOS and Detainees
2025-08-27 12:19:22,147 - INFO - Using predefined headers for sheet:  ICLOS and Detainees
2025-08-27 12:19:22,198 - INFO - Using predefined headers for sheet: Semiannual
2025-08-27 12:19:22,210 - INFO - Using predefined headers for sheet: Monthly Bond Statistics
2025-08-27 12:19:22,224 - INFO - Detected and removing header row at index 5 for sheet: Facilities FY25
2025-08-27 12:19:22,228 - INFO - Using predefined headers for sheet: Facilities FY25
2025-08-27 12:19:22,259 - INFO - Using predefined headers for sheet: Monthly Segregation
2025-08-27 12:19:22,277 - INFO - Using predefined headers for sheet: Vulnerable & Special Population
2025-08-27 12:19:22,290 - INFO - No header row detected for sheet: Footnotes, using content-based naming
2025-08-27 12:19:22,376 - INFO - Complete dataset saved to: data\ice_detention_data.json
2025-08-27 12:19:22,376 - INFO - Scraping process completed successfully!
2025-08-27 12:19:22,376 - INFO - All JSON files saved in: data
2025-08-30 01:09:09,972 - INFO - Starting ICE detention data scraping process...
2025-08-30 01:09:09,972 - INFO - Searching for Excel file URL on: https://www.ice.gov/detain/detention-management
2025-08-30 01:09:10,092 - INFO - Found potential Excel link: Detention FY 2025 YTD, Alternatives to Detention FY 2025 YTD and Facilities FY 2025 YTD, Footnotes (227 KB) -> https://www.ice.gov/doclib/detention/FY25_detentionStats08292025.xlsx
2025-08-30 01:09:10,092 - INFO - Selected Excel file: Detention FY 2025 YTD, Alternatives to Detention FY 2025 YTD and Facilities FY 2025 YTD, Footnotes (227 KB) -> https://www.ice.gov/doclib/detention/FY25_detentionStats08292025.xlsx
2025-08-30 01:09:10,093 - INFO - Downloading Excel file from: https://www.ice.gov/doclib/detention/FY25_detentionStats08292025.xlsx
2025-08-30 01:09:10,328 - INFO - Excel file downloaded successfully: data/ice_detention_raw.xlsx
2025-08-30 01:09:10,331 - INFO - Reading Excel sheets...
2025-08-30 01:09:11,265 - INFO - Found 10 sheets: ['Header', 'ATD FY25 YTD', 'Detention FY25', ' ICLOS and Detainees', 'Semiannual', 'Monthly Bond Statistics', 'Facilities FY25', 'Monthly Segregation', 'Vulnerable & Special Population', 'Footnotes']
2025-08-30 01:09:11,266 - INFO - Saving data in multiple formats...
2025-08-30 01:09:11,266 - INFO - No header row detected for sheet: Header, using content-based naming
2025-08-30 01:09:11,270 - INFO - Detected and removing header row at index 3 for sheet: ATD FY25 YTD
2025-08-30 01:09:11,270 - INFO - Detected and removing header row at index 13 for sheet: ATD FY25 YTD
2025-08-30 01:09:11,271 - INFO - Using predefined headers for sheet: ATD FY25 YTD
2025-08-30 01:09:11,273 - INFO - Detected and removing header row at index 3 for sheet: Detention FY25
2025-08-30 01:09:11,273 - INFO - Using predefined headers for sheet: Detention FY25
2025-08-30 01:09:11,276 - INFO - Detected and removing header row at index 1 for sheet:  ICLOS and Detainees
2025-08-30 01:09:11,276 - INFO - Detected and removing header row at index 9 for sheet:  ICLOS and Detainees
2025-08-30 01:09:11,277 - INFO - Using predefined headers for sheet:  ICLOS and Detainees
2025-08-30 01:09:11,282 - INFO - Using predefined headers for sheet: Semiannual
2025-08-30 01:09:11,284 - INFO - Using predefined headers for sheet: Monthly Bond Statistics
2025-08-30 01:09:11,286 - INFO - Detected and removing header row at index 5 for sheet: Facilities FY25
2025-08-30 01:09:11,286 - INFO - Using predefined headers for sheet: Facilities FY25
2025-08-30 01:09:11,289 - INFO - Using predefined headers for sheet: Monthly Segregation
2025-08-30 01:09:11,291 - INFO - Using predefined headers for sheet: Vulnerable & Special Population
2025-08-30 01:09:11,292 - INFO - No header row detected for sheet: Footnotes, using content-based naming
2025-08-30 01:09:11,304 - INFO - Complete dataset saved to: data/ice_detention_data.json
2025-08-30 01:09:11,304 - INFO - Scraping process completed successfully!
2025-08-30 01:09:11,304 - INFO - All JSON files saved in: data
2025-09-14 14:30:06,805 - INFO - Starting ICE detention data scraping process...
2025-09-14 14:30:06,805 - INFO - Searching for Excel file URL on: https://www.ice.gov/detain/detention-management
2025-09-14 14:30:06,926 - INFO - Found potential Excel link: Detention FY 2025 YTD, Alternatives to Detention FY 2025 YTD and Facilities FY 2025 YTD, Footnotes (227 KB) -> https://www.ice.gov/doclib/detention/FY25_detentionStats09112025.xlsx
2025-09-14 14:30:06,926 - INFO - Selected Excel file: Detention FY 2025 YTD, Alternatives to Detention FY 2025 YTD and Facilities FY 2025 YTD, Footnotes (227 KB) -> https://www.ice.gov/doclib/detention/FY25_detentionStats09112025.xlsx
2025-09-14 14:30:06,927 - INFO - Downloading Excel file from: https://www.ice.gov/doclib/detention/FY25_detentionStats09112025.xlsx
2025-09-14 14:30:07,160 - INFO - Excel file downloaded successfully: data/ice_detention_raw.xlsx
2025-09-14 14:30:07,162 - INFO - Reading Excel sheets...
2025-09-14 14:30:08,117 - INFO - Found 10 sheets: ['Header', 'ATD FY25 YTD', 'Detention FY25', ' ICLOS and Detainees', 'Semiannual', 'Monthly Bond Statistics', 'Facilities FY25', 'Monthly Segregation', 'Vulnerable & Special Population', 'Footnotes']
2025-09-14 14:30:08,117 - INFO - Saving data in multiple formats...
2025-09-14 14:30:08,118 - INFO - No header row detected for sheet: Header, using content-based naming
2025-09-14 14:30:08,120 - INFO - Detected and removing header row at index 3 for sheet: ATD FY25 YTD
2025-09-14 14:30:08,120 - INFO - Detected and removing header row at index 13 for sheet: ATD FY25 YTD
2025-09-14 14:30:08,120 - INFO - Using predefined headers for sheet: ATD FY25 YTD
2025-09-14 14:30:08,122 - INFO - Detected and removing header row at index 3 for sheet: Detention FY25
2025-09-14 14:30:08,122 - INFO - Using predefined headers for sheet: Detention FY25
2025-09-14 14:30:08,125 - INFO - Detected and removing header row at index 1 for sheet:  ICLOS and Detainees
2025-09-14 14:30:08,125 - INFO - Detected and removing header row at index 9 for sheet:  ICLOS and Detainees
2025-09-14 14:30:08,126 - INFO - Using predefined headers for sheet:  ICLOS and Detainees
2025-09-14 14:30:08,130 - INFO - Using predefined headers for sheet: Semiannual
2025-09-14 14:30:08,132 - INFO - Using predefined headers for sheet: Monthly Bond Statistics
2025-09-14 14:30:08,133 - INFO - Detected and removing header row at index 5 for sheet: Facilities FY25
2025-09-14 14:30:08,134 - INFO - Using predefined headers for sheet: Facilities FY25
2025-09-14 14:30:08,137 - INFO - Using predefined headers for sheet: Monthly Segregation
2025-09-14 14:30:08,139 - INFO - Using predefined headers for sheet: Vulnerable & Special Population
2025-09-14 14:30:08,139 - INFO - No header row detected for sheet: Footnotes, using content-based naming
2025-09-14 14:30:08,152 - INFO - Complete dataset saved to: /Users/sawyernordberg/Downloads/inklined 1.2/nextjs-political-dashboard/scripts/trump_admin/immigration_enforcement/../../../public/data/ice_detention_data.json
2025-09-14 14:30:08,164 - INFO - Complete dataset also saved locally to: data/ice_detention_data.json
2025-09-14 14:30:08,164 - INFO - Scraping process completed successfully!
2025-09-14 14:30:08,164 - INFO - All JSON files saved in: data
2025-10-12 12:24:40,860 - INFO - Starting ICE detention data scraping process...
2025-10-12 12:24:40,861 - INFO - Searching for Excel file URL on: https://www.ice.gov/detain/detention-management
2025-10-12 12:24:40,975 - INFO - Found potential Excel link: Detention FY 2025 YTD, Alternatives to Detention FY 2025 YTD and Facilities FY 2025 YTD, Footnotes (227 KB) -> https://www.ice.gov/doclib/detention/FY25_detentionStats09252025.xlsx
2025-10-12 12:24:40,975 - INFO - Selected Excel file: Detention FY 2025 YTD, Alternatives to Detention FY 2025 YTD and Facilities FY 2025 YTD, Footnotes (227 KB) -> https://www.ice.gov/doclib/detention/FY25_detentionStats09252025.xlsx
2025-10-12 12:24:40,976 - INFO - Downloading Excel file from: https://www.ice.gov/doclib/detention/FY25_detentionStats09252025.xlsx
2025-10-12 12:24:41,171 - INFO - Excel file downloaded successfully: data/ice_detention_raw.xlsx
2025-10-12 12:24:41,172 - INFO - Reading Excel sheets...
2025-10-12 12:24:42,135 - INFO - Found 10 sheets: ['Header', 'ATD FY25 YTD', 'Detention FY25', ' ICLOS and Detainees', 'Semiannual', 'Monthly Bond Statistics', 'Facilities FY25', 'Monthly Segregation', 'Vulnerable & Special Population', 'Footnotes']
2025-10-12 12:24:42,135 - INFO - Saving data in multiple formats...
2025-10-12 12:24:42,136 - INFO - No header row detected for sheet: Header, using content-based naming
2025-10-12 12:24:42,138 - INFO - Detected and removing header row at index 3 for sheet: ATD FY25 YTD
2025-10-12 12:24:42,138 - INFO - Detected and removing header row at index 13 for sheet: ATD FY25 YTD
2025-10-12 12:24:42,138 - INFO - Using predefined headers for sheet: ATD FY25 YTD
2025-10-12 12:24:42,139 - INFO - Detected and removing header row at index 3 for sheet: Detention FY25
2025-10-12 12:24:42,140 - INFO - Using predefined headers for sheet: Detention FY25
2025-10-12 12:24:42,142 - INFO - Detected and removing header row at index 1 for sheet:  ICLOS and Detainees
2025-10-12 12:24:42,143 - INFO - Detected and removing header row at index 9 for sheet:  ICLOS and Detainees
2025-10-12 12:24:42,143 - INFO - Using predefined headers for sheet:  ICLOS and Detainees
2025-10-12 12:24:42,148 - INFO - Using predefined headers for sheet: Semiannual
2025-10-12 12:24:42,149 - INFO - Using predefined headers for sheet: Monthly Bond Statistics
2025-10-12 12:24:42,151 - INFO - Detected and removing header row at index 5 for sheet: Facilities FY25
2025-10-12 12:24:42,151 - INFO - Using predefined headers for sheet: Facilities FY25
2025-10-12 12:24:42,154 - INFO - Using predefined headers for sheet: Monthly Segregation
2025-10-12 12:24:42,156 - INFO - Using predefined headers for sheet: Vulnerable & Special Population
2025-10-12 12:24:42,157 - INFO - No header row detected for sheet: Footnotes, using content-based naming
2025-10-12 12:24:42,169 - INFO - Complete dataset saved to: /Users/sawyernordberg/Downloads/inklined 1.2/nextjs-political-dashboard/scripts/trump_admin/immigration_enforcement/../../../public/data/ice_detention_data.json
2025-10-12 12:24:42,180 - INFO - Complete dataset also saved locally to: data/ice_detention_data.json
2025-10-12 12:24:42,180 - INFO - Scraping process completed successfully!
2025-10-12 12:24:42,180 - INFO - All JSON files saved in: data
2025-10-12 12:32:31,338 - INFO - Starting ICE detention data scraping process...
2025-10-12 12:32:31,338 - INFO - Searching for Excel file URL on: https://www.ice.gov/detain/detention-management
2025-10-12 12:32:31,425 - INFO - Found potential Excel link: Detention FY 2025 YTD, Alternatives to Detention FY 2025 YTD and Facilities FY 2025 YTD, Footnotes (227 KB) -> https://www.ice.gov/doclib/detention/FY25_detentionStats09252025.xlsx
2025-10-12 12:32:31,425 - INFO - Selected Excel file: Detention FY 2025 YTD, Alternatives to Detention FY 2025 YTD and Facilities FY 2025 YTD, Footnotes (227 KB) -> https://www.ice.gov/doclib/detention/FY25_detentionStats09252025.xlsx
2025-10-12 12:32:31,426 - INFO - Downloading Excel file from: https://www.ice.gov/doclib/detention/FY25_detentionStats09252025.xlsx
2025-10-12 12:32:31,537 - INFO - Excel file downloaded successfully: data/ice_detention_raw.xlsx
2025-10-12 12:32:31,538 - INFO - Reading Excel sheets...
2025-10-12 12:32:32,444 - INFO - Found 10 sheets: ['Header', 'ATD FY25 YTD', 'Detention FY25', ' ICLOS and Detainees', 'Semiannual', 'Monthly Bond Statistics', 'Facilities FY25', 'Monthly Segregation', 'Vulnerable & Special Population', 'Footnotes']
2025-10-12 12:32:32,444 - INFO - Saving data in multiple formats...
2025-10-12 12:32:32,445 - INFO - No header row detected for sheet: Header, using content-based naming
2025-10-12 12:32:32,449 - INFO - Detected and removing header row at index 3 for sheet: ATD FY25 YTD
2025-10-12 12:32:32,450 - INFO - Detected and removing header row at index 13 for sheet: ATD FY25 YTD
2025-10-12 12:32:32,450 - INFO - Using predefined headers for sheet: ATD FY25 YTD
2025-10-12 12:32:32,451 - INFO - Detected and removing header row at index 3 for sheet: Detention FY25
2025-10-12 12:32:32,452 - INFO - Using predefined headers for sheet: Detention FY25
2025-10-12 12:32:32,455 - INFO - Detected and removing header row at index 1 for sheet:  ICLOS and Detainees
2025-10-12 12:32:32,455 - INFO - Detected and removing header row at index 9 for sheet:  ICLOS and Detainees
2025-10-12 12:32:32,456 - INFO - Using predefined headers for sheet:  ICLOS and Detainees
2025-10-12 12:32:32,460 - INFO - Using predefined headers for sheet: Semiannual
2025-10-12 12:32:32,462 - INFO - Using predefined headers for sheet: Monthly Bond Statistics
2025-10-12 12:32:32,463 - INFO - Detected and removing header row at index 5 for sheet: Facilities FY25
2025-10-12 12:32:32,464 - INFO - Using predefined headers for sheet: Facilities FY25
2025-10-12 12:32:32,467 - INFO - Using predefined headers for sheet: Monthly Segregation
2025-10-12 12:32:32,470 - INFO - Using predefined headers for sheet: Vulnerable & Special Population
2025-10-12 12:32:32,471 - INFO - No header row detected for sheet: Footnotes, using content-based naming
2025-10-12 12:32:32,484 - INFO - Complete dataset saved to: /Users/sawyernordberg/Downloads/inklined 1.2/nextjs-political-dashboard/scripts/trump_admin/immigration_enforcement/../../../public/data/ice_detention_data.json
2025-10-12 12:32:32,496 - INFO - Complete dataset also saved locally to: data/ice_detention_data.json
2025-10-12 12:32:32,497 - INFO - Scraping process completed successfully!
2025-10-12 12:32:32,497 - INFO - All JSON files saved in: data
